Sencha Cmd 6.2.2.5 - Crash report
================================================
An error occurred while executing the following command: doxi build -p 6.2.1-modern.doxi.json all-classes-flattencd ..

Diagnostic information:
=======================
                          cmd.config.dir : /Users/seth/bin/Sencha/Cmd/6.2.2.5                
                                 cmd.dir : /Users/seth/bin/Sencha/Cmd/6.2.2.5                
                            cmd.jvm.args : -Xms128m -Xmx1024m -Dapple.awt.UIElement=true     
              cmd.merge.tool.args.araxis : -wait -merge -3 -a1 {base} {user} {generated} {out}
              cmd.merge.tool.args.kdiff3 : {base} {user} {generated} -o {out}                
             cmd.merge.tool.args.p4merge : {base} {user} {generated} {out}                   
           cmd.merge.tool.args.smartsync : {user} {generated} {base}                         
          cmd.merge.tool.args.sourcegear : --merge --result={out} {user} {base} {generated}  
            cmd.merge.tool.args.tortoise : -base:{base} -theirs:{generated} -mine:{user} -merged:{out}
                              cmd.minver : 3.0.0.0                                           
                            cmd.platform : osx                                               
                     cmd.unicode.escapes : /Users/seth/bin/Sencha/Cmd/6.2.2.5/unicode-escapes.json
                             cmd.version : 6.2.2.5                                           
                            cmd.web.port : 1841                                              
                       inspector.address : http://localhost:1839/                            
                          repo.local.dir : /Users/seth/bin/Sencha/Cmd/repo                   
        system.java.net.useSystemProxies : true                                              

Exception information:
=======================
Cannot find file : /Applications/XAMPP/xamppfiles/htdocs/docs/lib/6.2.1-modern.doxi.json
     at com.sencha.core.util.Files.readFileData(Files.java:158)
     at com.sencha.core.util.Files.readFile(Files.java:116)
     at com.sencha.core.util.Files.readFile(Files.java:130)
     at com.sencha.core.util.Json.load(Json.java:23)
     at com.sencha.core.util.Json.loadMap(Json.java:34)
     at com.sencha.core.util.ConfigObject.load(ConfigObject.java:16)
     at com.sencha.doxi.project.Project.load(Project.java:176)
     at com.sencha.command.doxi.DoxiBuildCommand.execute(DoxiBuildCommand.java:30)
     at sun.reflect.NativeMethodAccessorImpl.invoke0(Native Method)
     at sun.reflect.NativeMethodAccessorImpl.invoke(NativeMethodAccessorImpl.java:62)
     at sun.reflect.DelegatingMethodAccessorImpl.invoke(DelegatingMethodAccessorImpl.java:43)
     at java.lang.reflect.Method.invoke(Method.java:497)
     at com.sencha.util.MethodInvoker$Arguments.invoke(MethodInvoker.java:175)
     at com.sencha.cli.Command.dispatch(Command.java:43)
     at com.sencha.cli.Commands.dispatch(Commands.java:64)
     at com.sencha.cli.Commands.dispatch(Commands.java:64)
     at com.sencha.command.Sencha.dispatch(Sencha.java:79)
     at com.sencha.command.Sencha.main(Sencha.java:147)
     at sun.reflect.NativeMethodAccessorImpl.invoke0(Native Method)
     at sun.reflect.NativeMethodAccessorImpl.invoke(NativeMethodAccessorImpl.java:62)
     at sun.reflect.DelegatingMethodAccessorImpl.invoke(DelegatingMethodAccessorImpl.java:43)
     at java.lang.reflect.Method.invoke(Method.java:497)
     at com.exe4j.runtime.LauncherEngine.launch(LauncherEngine.java:65)
     at com.install4j.runtime.launcher.UnixLauncher.main(UnixLauncher.java:57)
   Caused by: /Applications/XAMPP/xamppfiles/htdocs/docs/lib/6.2.1-modern.doxi.json (No such file or directory)
     at java.io.FileInputStream.open0(Native Method)
     at java.io.FileInputStream.open(FileInputStream.java:195)
     at java.io.FileInputStream.<init>(FileInputStream.java:138)
     at com.sencha.core.util.Files.readFileData(Files.java:144)
     at com.sencha.core.util.Files.readFile(Files.java:116)
     at com.sencha.core.util.Files.readFile(Files.java:130)
     at com.sencha.core.util.Json.load(Json.java:23)
     at com.sencha.core.util.Json.loadMap(Json.java:34)
     at com.sencha.core.util.ConfigObject.load(ConfigObject.java:16)
     at com.sencha.doxi.project.Project.load(Project.java:176)
     at com.sencha.command.doxi.DoxiBuildCommand.execute(DoxiBuildCommand.java:30)
     at sun.reflect.NativeMethodAccessorImpl.invoke0(Native Method)
     at sun.reflect.NativeMethodAccessorImpl.invoke(NativeMethodAccessorImpl.java:62)
     at sun.reflect.DelegatingMethodAccessorImpl.invoke(DelegatingMethodAccessorImpl.java:43)
     at java.lang.reflect.Method.invoke(Method.java:497)
     at com.sencha.util.MethodInvoker$Arguments.invoke(MethodInvoker.java:175)
     at com.sencha.cli.Command.dispatch(Command.java:43)
     at com.sencha.cli.Commands.dispatch(Commands.java:64)
     at com.sencha.cli.Commands.dispatch(Commands.java:64)
     at com.sencha.command.Sencha.dispatch(Sencha.java:79)
     at com.sencha.command.Sencha.main(Sencha.java:147)
     at sun.reflect.NativeMethodAccessorImpl.invoke0(Native Method)
     at sun.reflect.NativeMethodAccessorImpl.invoke(NativeMethodAccessorImpl.java:62)
     at sun.reflect.DelegatingMethodAccessorImpl.invoke(DelegatingMethodAccessorImpl.java:43)
     at java.lang.reflect.Method.invoke(Method.java:497)
     at com.exe4j.runtime.LauncherEngine.launch(LauncherEngine.java:65)
     at com.install4j.runtime.launcher.UnixLauncher.main(UnixLauncher.java:57)

